{"timestamp":"2025-10-21T15:47:48.244002Z","level":"info","event":"DAG bundles loaded: dags-folder, example_dags","logger":"airflow.dag_processing.bundles.manager.DagBundlesManager","filename":"manager.py","lineno":179}
{"timestamp":"2025-10-21T15:47:48.244503Z","level":"info","event":"Filling up the DagBag from /opt/airflow/dags/fetch_and_load_data_dag.py","logger":"airflow.models.dagbag.DagBag","filename":"dagbag.py","lineno":593}
{"timestamp":"2025-10-21T15:47:48.262871Z","level":"info","event":"Task instance is in running state","logger":"task.stdout"}
{"timestamp":"2025-10-21T15:47:48.263014Z","level":"info","event":" Previous state of the Task instance: TaskInstanceState.QUEUED","logger":"task.stdout"}
{"timestamp":"2025-10-21T15:47:48.263090Z","level":"info","event":"Current task name:run_dbt","logger":"task.stdout"}
{"timestamp":"2025-10-21T15:47:48.263147Z","level":"info","event":"Dag name:fetch_load_dbt_pipeline","logger":"task.stdout"}
{"timestamp":"2025-10-21T15:47:48.263638Z","level":"info","event":"Tmp dir root location: /tmp","logger":"airflow.task.hooks.airflow.providers.standard.hooks.subprocess.SubprocessHook","filename":"subprocess.py","lineno":78}
{"timestamp":"2025-10-21T15:47:48.264558Z","level":"info","event":"Running command: ['/usr/bin/bash', '-c', 'cd /opt/airflow/dbt && dbt run --profiles-dir .']","logger":"airflow.task.hooks.airflow.providers.standard.hooks.subprocess.SubprocessHook","filename":"subprocess.py","lineno":88}
{"timestamp":"2025-10-21T15:47:48.272903Z","level":"info","event":"Output:","logger":"airflow.task.hooks.airflow.providers.standard.hooks.subprocess.SubprocessHook","filename":"subprocess.py","lineno":99}
{"timestamp":"2025-10-21T15:47:50.042629Z","level":"info","event":"\u001b[0m15:47:50  Running with dbt=1.10.13","logger":"airflow.task.hooks.airflow.providers.standard.hooks.subprocess.SubprocessHook","filename":"subprocess.py","lineno":106}
{"timestamp":"2025-10-21T15:47:57.529490Z","level":"info","event":"\u001b[0m15:47:57  Registered adapter: bigquery=1.10.2","logger":"airflow.task.hooks.airflow.providers.standard.hooks.subprocess.SubprocessHook","filename":"subprocess.py","lineno":106}
{"timestamp":"2025-10-21T15:47:58.018055Z","level":"info","event":"\u001b[0m15:47:58  Found 1 model, 508 macros","logger":"airflow.task.hooks.airflow.providers.standard.hooks.subprocess.SubprocessHook","filename":"subprocess.py","lineno":106}
{"timestamp":"2025-10-21T15:47:58.019615Z","level":"info","event":"\u001b[0m15:47:58","logger":"airflow.task.hooks.airflow.providers.standard.hooks.subprocess.SubprocessHook","filename":"subprocess.py","lineno":106}
{"timestamp":"2025-10-21T15:47:58.019913Z","level":"info","event":"\u001b[0m15:47:58  Concurrency: 1 threads (target='dev')","logger":"airflow.task.hooks.airflow.providers.standard.hooks.subprocess.SubprocessHook","filename":"subprocess.py","lineno":106}
{"timestamp":"2025-10-21T15:47:58.020218Z","level":"info","event":"\u001b[0m15:47:58","logger":"airflow.task.hooks.airflow.providers.standard.hooks.subprocess.SubprocessHook","filename":"subprocess.py","lineno":106}
{"timestamp":"2025-10-21T15:48:01.153454Z","level":"info","event":"\u001b[0m15:48:01  1 of 1 START sql table model dbt_dataset.fct_stock_market_daily ................ [RUN]","logger":"airflow.task.hooks.airflow.providers.standard.hooks.subprocess.SubprocessHook","filename":"subprocess.py","lineno":106}
{"timestamp":"2025-10-21T15:48:06.248586Z","level":"info","event":"\u001b[0m15:48:06  1 of 1 OK created sql table model dbt_dataset.fct_stock_market_daily ........... [\u001b[32mCREATE TABLE (12.0 rows, 864.0 Bytes processed)\u001b[0m in 5.09s]","logger":"airflow.task.hooks.airflow.providers.standard.hooks.subprocess.SubprocessHook","filename":"subprocess.py","lineno":106}
{"timestamp":"2025-10-21T15:48:06.281088Z","level":"info","event":"\u001b[0m15:48:06","logger":"airflow.task.hooks.airflow.providers.standard.hooks.subprocess.SubprocessHook","filename":"subprocess.py","lineno":106}
{"timestamp":"2025-10-21T15:48:06.281312Z","level":"info","event":"\u001b[0m15:48:06  Finished running 1 table model in 0 hours 0 minutes and 8.26 seconds (8.26s).","logger":"airflow.task.hooks.airflow.providers.standard.hooks.subprocess.SubprocessHook","filename":"subprocess.py","lineno":106}
{"timestamp":"2025-10-21T15:48:06.301741Z","level":"info","event":"\u001b[0m15:48:06","logger":"airflow.task.hooks.airflow.providers.standard.hooks.subprocess.SubprocessHook","filename":"subprocess.py","lineno":106}
{"timestamp":"2025-10-21T15:48:06.302096Z","level":"info","event":"\u001b[0m15:48:06  \u001b[32mCompleted successfully\u001b[0m","logger":"airflow.task.hooks.airflow.providers.standard.hooks.subprocess.SubprocessHook","filename":"subprocess.py","lineno":106}
{"timestamp":"2025-10-21T15:48:06.302315Z","level":"info","event":"\u001b[0m15:48:06","logger":"airflow.task.hooks.airflow.providers.standard.hooks.subprocess.SubprocessHook","filename":"subprocess.py","lineno":106}
{"timestamp":"2025-10-21T15:48:06.302913Z","level":"info","event":"\u001b[0m15:48:06  Done. PASS=1 WARN=0 ERROR=0 SKIP=0 NO-OP=0 TOTAL=1","logger":"airflow.task.hooks.airflow.providers.standard.hooks.subprocess.SubprocessHook","filename":"subprocess.py","lineno":106}
{"timestamp":"2025-10-21T15:48:08.756698Z","level":"info","event":"Command exited with return code 0","logger":"airflow.task.hooks.airflow.providers.standard.hooks.subprocess.SubprocessHook","filename":"subprocess.py","lineno":110}
{"timestamp":"2025-10-21T15:48:08.757267Z","level":"info","event":"Pushing xcom","ti":"RuntimeTaskInstance(id=UUID('019a0774-5353-7023-afb9-6c050de0d7aa'), task_id='run_dbt', dag_id='fetch_load_dbt_pipeline', run_id='manual__2025-10-21T15:47:35.363086+00:00', try_number=1, dag_version_id=UUID('0199d9aa-4eb8-7b5a-9c08-7d4d39ee2fc2'), map_index=-1, hostname='a90e783f8f31', context_carrier={}, task=<Task(BashOperator): run_dbt>, bundle_instance=LocalDagBundle(name=dags-folder), max_tries=0, start_date=datetime.datetime(2025, 10, 21, 15, 47, 47, 904560, tzinfo=datetime.timezone.utc), end_date=None, state=<TaskInstanceState.RUNNING: 'running'>, is_mapped=False, rendered_map_index=None)","logger":"task","filename":"task_runner.py","lineno":1352}
{"timestamp":"2025-10-21T15:48:08.777034Z","level":"info","event":"Task instance in success state","logger":"task.stdout"}
{"timestamp":"2025-10-21T15:48:08.777152Z","level":"info","event":" Previous state of the Task instance: TaskInstanceState.RUNNING","logger":"task.stdout"}
{"timestamp":"2025-10-21T15:48:08.777334Z","level":"info","event":"Task operator:<Task(BashOperator): run_dbt>","logger":"task.stdout"}
