{"timestamp":"2025-10-21T15:41:35.711545Z","level":"info","event":"DAG bundles loaded: dags-folder, example_dags","logger":"airflow.dag_processing.bundles.manager.DagBundlesManager","filename":"manager.py","lineno":179}
{"timestamp":"2025-10-21T15:41:35.712027Z","level":"info","event":"Filling up the DagBag from /opt/airflow/dags/fetch_and_load_data_dag.py","logger":"airflow.models.dagbag.DagBag","filename":"dagbag.py","lineno":593}
{"timestamp":"2025-10-21T15:41:35.730563Z","level":"info","event":"Task instance is in running state","logger":"task.stdout"}
{"timestamp":"2025-10-21T15:41:35.730691Z","level":"info","event":" Previous state of the Task instance: TaskInstanceState.QUEUED","logger":"task.stdout"}
{"timestamp":"2025-10-21T15:41:35.730786Z","level":"info","event":"Current task name:run_dbt","logger":"task.stdout"}
{"timestamp":"2025-10-21T15:41:35.730824Z","level":"info","event":"Dag name:fetch_load_dbt_pipeline","logger":"task.stdout"}
{"timestamp":"2025-10-21T15:41:35.731218Z","level":"info","event":"Tmp dir root location: /tmp","logger":"airflow.task.hooks.airflow.providers.standard.hooks.subprocess.SubprocessHook","filename":"subprocess.py","lineno":78}
{"timestamp":"2025-10-21T15:41:35.732154Z","level":"info","event":"Running command: ['/usr/bin/bash', '-c', 'cd /opt/airflow/dbt && dbt run --profiles-dir .']","logger":"airflow.task.hooks.airflow.providers.standard.hooks.subprocess.SubprocessHook","filename":"subprocess.py","lineno":88}
{"timestamp":"2025-10-21T15:41:35.739868Z","level":"info","event":"Output:","logger":"airflow.task.hooks.airflow.providers.standard.hooks.subprocess.SubprocessHook","filename":"subprocess.py","lineno":99}
{"timestamp":"2025-10-21T15:41:37.951982Z","level":"info","event":"\u001b[0m15:41:37  Running with dbt=1.10.13","logger":"airflow.task.hooks.airflow.providers.standard.hooks.subprocess.SubprocessHook","filename":"subprocess.py","lineno":106}
{"timestamp":"2025-10-21T15:41:45.888718Z","level":"info","event":"\u001b[0m15:41:45  Registered adapter: bigquery=1.10.2","logger":"airflow.task.hooks.airflow.providers.standard.hooks.subprocess.SubprocessHook","filename":"subprocess.py","lineno":106}
{"timestamp":"2025-10-21T15:41:46.123510Z","level":"info","event":"\u001b[0m15:41:46  Unable to do partial parsing because of a version mismatch","logger":"airflow.task.hooks.airflow.providers.standard.hooks.subprocess.SubprocessHook","filename":"subprocess.py","lineno":106}
{"timestamp":"2025-10-21T15:41:47.029714Z","level":"info","event":"\u001b[0m15:41:47  [\u001b[33mWARNING\u001b[0m]: Did not find matching node for patch with name 'my_first_dbt_model' in the 'models' section of file 'models/example/schema.yml'","logger":"airflow.task.hooks.airflow.providers.standard.hooks.subprocess.SubprocessHook","filename":"subprocess.py","lineno":106}
{"timestamp":"2025-10-21T15:41:47.030814Z","level":"info","event":"\u001b[0m15:41:47  [\u001b[33mWARNING\u001b[0m]: Did not find matching node for patch with name 'my_second_dbt_model' in the 'models' section of file 'models/example/schema.yml'","logger":"airflow.task.hooks.airflow.providers.standard.hooks.subprocess.SubprocessHook","filename":"subprocess.py","lineno":106}
{"timestamp":"2025-10-21T15:41:47.105837Z","level":"info","event":"\u001b[0m15:41:47  [\u001b[33mWARNING\u001b[0m]: Test 'test.dbt_core.unique_my_first_dbt_model_id.16e066b321' (models/example/schema.yml) depends on a node named 'my_first_dbt_model' in package '' which was not found","logger":"airflow.task.hooks.airflow.providers.standard.hooks.subprocess.SubprocessHook","filename":"subprocess.py","lineno":106}
{"timestamp":"2025-10-21T15:41:47.106174Z","level":"info","event":"\u001b[0m15:41:47  [\u001b[33mWARNING\u001b[0m]: Test 'test.dbt_core.not_null_my_first_dbt_model_id.5fb22c2710' (models/example/schema.yml) depends on a node named 'my_first_dbt_model' in package '' which was not found","logger":"airflow.task.hooks.airflow.providers.standard.hooks.subprocess.SubprocessHook","filename":"subprocess.py","lineno":106}
{"timestamp":"2025-10-21T15:41:47.106460Z","level":"info","event":"\u001b[0m15:41:47  [\u001b[33mWARNING\u001b[0m]: Test 'test.dbt_core.unique_my_second_dbt_model_id.57a0f8c493' (models/example/schema.yml) depends on a node named 'my_second_dbt_model' in package '' which was not found","logger":"airflow.task.hooks.airflow.providers.standard.hooks.subprocess.SubprocessHook","filename":"subprocess.py","lineno":106}
{"timestamp":"2025-10-21T15:41:47.106730Z","level":"info","event":"\u001b[0m15:41:47  [\u001b[33mWARNING\u001b[0m]: Test 'test.dbt_core.not_null_my_second_dbt_model_id.151b76d778' (models/example/schema.yml) depends on a node named 'my_second_dbt_model' in package '' which was not found","logger":"airflow.task.hooks.airflow.providers.standard.hooks.subprocess.SubprocessHook","filename":"subprocess.py","lineno":106}
{"timestamp":"2025-10-21T15:41:47.265640Z","level":"info","event":"\u001b[0m15:41:47  Found 1 model, 508 macros","logger":"airflow.task.hooks.airflow.providers.standard.hooks.subprocess.SubprocessHook","filename":"subprocess.py","lineno":106}
{"timestamp":"2025-10-21T15:41:47.267133Z","level":"info","event":"\u001b[0m15:41:47","logger":"airflow.task.hooks.airflow.providers.standard.hooks.subprocess.SubprocessHook","filename":"subprocess.py","lineno":106}
{"timestamp":"2025-10-21T15:41:47.267417Z","level":"info","event":"\u001b[0m15:41:47  Concurrency: 1 threads (target='dev')","logger":"airflow.task.hooks.airflow.providers.standard.hooks.subprocess.SubprocessHook","filename":"subprocess.py","lineno":106}
{"timestamp":"2025-10-21T15:41:47.267655Z","level":"info","event":"\u001b[0m15:41:47","logger":"airflow.task.hooks.airflow.providers.standard.hooks.subprocess.SubprocessHook","filename":"subprocess.py","lineno":106}
{"timestamp":"2025-10-21T15:41:47.271802Z","level":"info","event":"\u001b[0m15:41:47","logger":"airflow.task.hooks.airflow.providers.standard.hooks.subprocess.SubprocessHook","filename":"subprocess.py","lineno":106}
{"timestamp":"2025-10-21T15:41:47.272060Z","level":"info","event":"\u001b[0m15:41:47  Finished running  in 0 hours 0 minutes and 0.00 seconds (0.00s).","logger":"airflow.task.hooks.airflow.providers.standard.hooks.subprocess.SubprocessHook","filename":"subprocess.py","lineno":106}
{"timestamp":"2025-10-21T15:41:47.272443Z","level":"info","event":"\u001b[0m15:41:47  Encountered an error:","logger":"airflow.task.hooks.airflow.providers.standard.hooks.subprocess.SubprocessHook","filename":"subprocess.py","lineno":106}
{"timestamp":"2025-10-21T15:41:47.272513Z","level":"info","event":"Database Error","logger":"airflow.task.hooks.airflow.providers.standard.hooks.subprocess.SubprocessHook","filename":"subprocess.py","lineno":106}
{"timestamp":"2025-10-21T15:41:47.272546Z","level":"info","event":"  [Errno 2] No such file or directory: '/home/steve/git_projects/stock-market-data/secrets/gcp-prod-data-service-account-key.json'","logger":"airflow.task.hooks.airflow.providers.standard.hooks.subprocess.SubprocessHook","filename":"subprocess.py","lineno":106}
{"timestamp":"2025-10-21T15:41:50.744607Z","level":"info","event":"Command exited with return code 2","logger":"airflow.task.hooks.airflow.providers.standard.hooks.subprocess.SubprocessHook","filename":"subprocess.py","lineno":110}
{"timestamp":"2025-10-21T15:41:50.745181Z","level":"error","event":"Task failed with exception","logger":"task","filename":"task_runner.py","lineno":972,"error_detail":[{"exc_type":"AirflowException","exc_value":"Bash command failed. The command returned a non-zero exit code 2.","exc_notes":[],"syntax_error":null,"is_cause":false,"frames":[{"filename":"/home/airflow/.local/lib/python3.12/site-packages/airflow/sdk/execution_time/task_runner.py","lineno":920,"name":"run"},{"filename":"/home/airflow/.local/lib/python3.12/site-packages/airflow/sdk/execution_time/task_runner.py","lineno":1307,"name":"_execute_task"},{"filename":"/home/airflow/.local/lib/python3.12/site-packages/airflow/sdk/bases/operator.py","lineno":416,"name":"wrapper"},{"filename":"/home/airflow/.local/lib/python3.12/site-packages/airflow/providers/standard/operators/bash.py","lineno":232,"name":"execute"}],"is_group":false,"exceptions":[]}]}
{"timestamp":"2025-10-21T15:41:50.752358Z","level":"info","event":"Task instance in failure state","logger":"task.stdout"}
{"timestamp":"2025-10-21T15:41:50.752720Z","level":"info","event":"Task start","logger":"task.stdout"}
{"timestamp":"2025-10-21T15:41:50.752788Z","level":"info","event":"Task:<Task(BashOperator): run_dbt>","logger":"task.stdout"}
{"timestamp":"2025-10-21T15:41:50.752845Z","level":"info","event":"Failure caused by Bash command failed. The command returned a non-zero exit code 2.","logger":"task.stdout"}
